Wed Jul 20 17:40:46 Loaded file C:\ORCAD\ORCAD_10.3\TOOLS\LAYOUT_PLUS\LIBRARY\bcon100t.llb
Wed Jul 20 17:40:46 Loaded file C:\ORCAD\ORCAD_10.3\TOOLS\LAYOUT_PLUS\LIBRARY\bcon156t.llb
Wed Jul 20 17:40:47 Loaded file C:\ORCAD\ORCAD_10.3\TOOLS\LAYOUT_PLUS\LIBRARY\bga.llb
Wed Jul 20 17:40:47 Loaded file C:\ORCAD\ORCAD_10.3\TOOLS\LAYOUT_PLUS\LIBRARY\clcc.llb
Wed Jul 20 17:40:47 Loaded file C:\ORCAD\ORCAD_10.3\TOOLS\LAYOUT_PLUS\LIBRARY\dcon050t.llb
Wed Jul 20 17:40:47 Loaded file C:\ORCAD\ORCAD_10.3\TOOLS\LAYOUT_PLUS\LIBRARY\dcon085t.llb
Wed Jul 20 17:40:47 Loaded file C:\ORCAD\ORCAD_10.3\TOOLS\LAYOUT_PLUS\LIBRARY\dimm050f.llb
Wed Jul 20 17:40:47 Loaded file C:\ORCAD\ORCAD_10.3\TOOLS\LAYOUT_PLUS\LIBRARY\dimm050t.llb
Wed Jul 20 17:40:48 Loaded file C:\ORCAD\ORCAD_10.3\TOOLS\LAYOUT_PLUS\LIBRARY\din.llb
Wed Jul 20 17:40:48 Loaded file C:\ORCAD\ORCAD_10.3\TOOLS\LAYOUT_PLUS\LIBRARY\dip100b.llb
Wed Jul 20 17:40:49 Loaded file C:\ORCAD\ORCAD_10.3\TOOLS\LAYOUT_PLUS\LIBRARY\dip100t.llb
Wed Jul 20 17:40:49 Loaded file C:\ORCAD\ORCAD_10.3\TOOLS\LAYOUT_PLUS\LIBRARY\dsubt.llb
Wed Jul 20 17:40:49 Loaded file C:\ORCAD\ORCAD_10.3\TOOLS\LAYOUT_PLUS\LIBRARY\dsubt_hd.llb
Wed Jul 20 17:40:49 Loaded file C:\ORCAD\ORCAD_10.3\TOOLS\LAYOUT_PLUS\LIBRARY\econ100t.llb
Wed Jul 20 17:40:49 Loaded file C:\ORCAD\ORCAD_10.3\TOOLS\LAYOUT_PLUS\LIBRARY\empty.llb
Wed Jul 20 17:40:50 Loaded file C:\ORCAD\ORCAD_10.3\TOOLS\LAYOUT_PLUS\LIBRARY\ex_gui.llb
Wed Jul 20 17:40:50 Loaded file C:\ORCAD\ORCAD_10.3\TOOLS\LAYOUT_PLUS\LIBRARY\fbus.llb
Wed Jul 20 17:40:50 Loaded file C:\ORCAD\ORCAD_10.3\TOOLS\LAYOUT_PLUS\LIBRARY\isa.llb
Wed Jul 20 17:40:50 Loaded file C:\ORCAD\ORCAD_10.3\TOOLS\LAYOUT_PLUS\LIBRARY\jumper.llb
Wed Jul 20 17:40:51 Loaded file C:\ORCAD\ORCAD_10.3\TOOLS\LAYOUT_PLUS\LIBRARY\layout.llb
Wed Jul 20 17:40:51 Loaded file C:\ORCAD\ORCAD_10.3\TOOLS\LAYOUT_PLUS\LIBRARY\lcon100t.llb
Wed Jul 20 17:40:51 Loaded file C:\ORCAD\ORCAD_10.3\TOOLS\LAYOUT_PLUS\LIBRARY\metric.llb
Wed Jul 20 17:40:52 Loaded file C:\ORCAD\ORCAD_10.3\TOOLS\LAYOUT_PLUS\LIBRARY\padstack.llb
Wed Jul 20 17:40:52 Loaded file C:\ORCAD\ORCAD_10.3\TOOLS\LAYOUT_PLUS\LIBRARY\pc104.llb
Wed Jul 20 17:40:52 Loaded file C:\ORCAD\ORCAD_10.3\TOOLS\LAYOUT_PLUS\LIBRARY\pci.llb
Wed Jul 20 17:40:52 Loaded file C:\ORCAD\ORCAD_10.3\TOOLS\LAYOUT_PLUS\LIBRARY\pcon100t.llb
Wed Jul 20 17:40:53 Loaded file C:\ORCAD\ORCAD_10.3\TOOLS\LAYOUT_PLUS\LIBRARY\pcon156t.llb
Wed Jul 20 17:40:53 Loaded file C:\ORCAD\ORCAD_10.3\TOOLS\LAYOUT_PLUS\LIBRARY\pga.llb
Wed Jul 20 17:40:53 Loaded file C:\ORCAD\ORCAD_10.3\TOOLS\LAYOUT_PLUS\LIBRARY\plcc.llb
Wed Jul 20 17:40:54 Loaded file C:\ORCAD\ORCAD_10.3\TOOLS\LAYOUT_PLUS\LIBRARY\quad.llb
Wed Jul 20 17:40:55 Loaded file C:\ORCAD\ORCAD_10.3\TOOLS\LAYOUT_PLUS\LIBRARY\quadb.llb
Wed Jul 20 17:40:55 Loaded file C:\ORCAD\ORCAD_10.3\TOOLS\LAYOUT_PLUS\LIBRARY\relay.llb
Wed Jul 20 17:40:55 Loaded file C:\ORCAD\ORCAD_10.3\TOOLS\LAYOUT_PLUS\LIBRARY\rf.llb
Wed Jul 20 17:40:55 Loaded file C:\ORCAD\ORCAD_10.3\TOOLS\LAYOUT_PLUS\LIBRARY\sbus.llb
Wed Jul 20 17:40:57 Loaded file C:\ORCAD\ORCAD_10.3\TOOLS\LAYOUT_PLUS\LIBRARY\simm050f.llb
Wed Jul 20 17:40:58 Loaded file C:\ORCAD\ORCAD_10.3\TOOLS\LAYOUT_PLUS\LIBRARY\simm050t.llb
Wed Jul 20 17:40:58 Loaded file C:\ORCAD\ORCAD_10.3\TOOLS\LAYOUT_PLUS\LIBRARY\simm100f.llb
Wed Jul 20 17:40:58 Loaded file C:\ORCAD\ORCAD_10.3\TOOLS\LAYOUT_PLUS\LIBRARY\simm100t.llb
Wed Jul 20 17:40:58 Loaded file C:\ORCAD\ORCAD_10.3\TOOLS\LAYOUT_PLUS\LIBRARY\sip.llb
Wed Jul 20 17:40:59 Loaded file C:\ORCAD\ORCAD_10.3\TOOLS\LAYOUT_PLUS\LIBRARY\sm.llb
Wed Jul 20 17:40:59 Loaded file C:\ORCAD\ORCAD_10.3\TOOLS\LAYOUT_PLUS\LIBRARY\sog.llb
Wed Jul 20 17:40:59 Loaded file C:\ORCAD\ORCAD_10.3\TOOLS\LAYOUT_PLUS\LIBRARY\soj.llb
Wed Jul 20 17:41:00 Loaded file C:\ORCAD\ORCAD_10.3\TOOLS\LAYOUT_PLUS\LIBRARY\stiff.llb
Wed Jul 20 17:41:00 Loaded file C:\ORCAD\ORCAD_10.3\TOOLS\LAYOUT_PLUS\LIBRARY\tele.llb
Wed Jul 20 17:41:00 Loaded file C:\ORCAD\ORCAD_10.3\TOOLS\LAYOUT_PLUS\LIBRARY\tm_axial.llb
Wed Jul 20 17:41:01 Loaded file C:\ORCAD\ORCAD_10.3\TOOLS\LAYOUT_PLUS\LIBRARY\tm_cap_p.llb
Wed Jul 20 17:41:01 Loaded file C:\ORCAD\ORCAD_10.3\TOOLS\LAYOUT_PLUS\LIBRARY\tm_cylnd.llb
Wed Jul 20 17:41:01 Loaded file C:\ORCAD\ORCAD_10.3\TOOLS\LAYOUT_PLUS\LIBRARY\tm_diode.llb
Wed Jul 20 17:41:01 Loaded file C:\ORCAD\ORCAD_10.3\TOOLS\LAYOUT_PLUS\LIBRARY\tm_disc.llb
Wed Jul 20 17:41:01 Loaded file C:\ORCAD\ORCAD_10.3\TOOLS\LAYOUT_PLUS\LIBRARY\tm_rad.llb
Wed Jul 20 17:41:02 Loaded file C:\ORCAD\ORCAD_10.3\TOOLS\LAYOUT_PLUS\LIBRARY\to.llb
Wed Jul 20 17:41:02 Loaded file C:\ORCAD\ORCAD_10.3\TOOLS\LAYOUT_PLUS\LIBRARY\training.llb
Wed Jul 20 17:41:05 Loaded file C:\ORCAD\ORCAD_10.3\TOOLS\LAYOUT_PLUS\LIBRARY\vres.llb
Wed Jul 20 17:41:05 Loaded file C:\ORCAD\ORCAD_10.3\TOOLS\LAYOUT_PLUS\LIBRARY\wcon100t.llb
Wed Jul 20 17:41:05 Loaded file C:\ORCAD\ORCAD_10.3\TOOLS\LAYOUT_PLUS\LIBRARY\xt.llb
Wed Jul 20 17:41:05 Loaded file C:\ORCAD\ORCAD_10.3\TOOLS\LAYOUT_PLUS\LIBRARY\zigzag.llb
Wed Jan 11 09:31:57 Loaded file C:\ORCAD\ORCAD_10.3\TOOLS\LAYOUT_PLUS\LIBRARY\bcon100t.llb
Wed Jan 11 09:31:57 Loaded file C:\ORCAD\ORCAD_10.3\TOOLS\LAYOUT_PLUS\LIBRARY\bcon156t.llb
Wed Jan 11 09:31:57 Loaded file C:\ORCAD\ORCAD_10.3\TOOLS\LAYOUT_PLUS\LIBRARY\bga.llb
Wed Jan 11 09:31:58 Loaded file C:\ORCAD\ORCAD_10.3\TOOLS\LAYOUT_PLUS\LIBRARY\clcc.llb
Wed Jan 11 09:31:58 Loaded file C:\ORCAD\ORCAD_10.3\TOOLS\LAYOUT_PLUS\LIBRARY\dcon050t.llb
Wed Jan 11 09:31:58 Loaded file C:\ORCAD\ORCAD_10.3\TOOLS\LAYOUT_PLUS\LIBRARY\dcon085t.llb
Wed Jan 11 09:31:58 Loaded file C:\ORCAD\ORCAD_10.3\TOOLS\LAYOUT_PLUS\LIBRARY\dimm050f.llb
Wed Jan 11 09:31:59 Loaded file C:\ORCAD\ORCAD_10.3\TOOLS\LAYOUT_PLUS\LIBRARY\dimm050t.llb
Wed Jan 11 09:31:59 Loaded file C:\ORCAD\ORCAD_10.3\TOOLS\LAYOUT_PLUS\LIBRARY\din.llb
Wed Jan 11 09:31:59 Loaded file C:\ORCAD\ORCAD_10.3\TOOLS\LAYOUT_PLUS\LIBRARY\dip100b.llb
Wed Jan 11 09:31:59 Loaded file C:\ORCAD\ORCAD_10.3\TOOLS\LAYOUT_PLUS\LIBRARY\dip100t.llb
Wed Jan 11 09:31:59 Loaded file C:\ORCAD\ORCAD_10.3\TOOLS\LAYOUT_PLUS\LIBRARY\dsubt.llb
Wed Jan 11 09:31:59 Loaded file C:\ORCAD\ORCAD_10.3\TOOLS\LAYOUT_PLUS\LIBRARY\dsubt_hd.llb
Wed Jan 11 09:31:59 Loaded file C:\ORCAD\ORCAD_10.3\TOOLS\LAYOUT_PLUS\LIBRARY\econ100t.llb
Wed Jan 11 09:31:59 Loaded file C:\ORCAD\ORCAD_10.3\TOOLS\LAYOUT_PLUS\LIBRARY\empty.llb
Wed Jan 11 09:32:00 Loaded file C:\ORCAD\ORCAD_10.3\TOOLS\LAYOUT_PLUS\LIBRARY\ex_gui.llb
Wed Jan 11 09:32:00 Loaded file C:\ORCAD\ORCAD_10.3\TOOLS\LAYOUT_PLUS\LIBRARY\fbus.llb
Wed Jan 11 09:32:01 Loaded file C:\ORCAD\ORCAD_10.3\TOOLS\LAYOUT_PLUS\LIBRARY\isa.llb
Wed Jan 11 09:32:01 Loaded file C:\ORCAD\ORCAD_10.3\TOOLS\LAYOUT_PLUS\LIBRARY\jumper.llb
Wed Jan 11 09:32:01 Loaded file C:\ORCAD\ORCAD_10.3\TOOLS\LAYOUT_PLUS\LIBRARY\layout.llb
Wed Jan 11 09:32:02 Loaded file C:\ORCAD\ORCAD_10.3\TOOLS\LAYOUT_PLUS\LIBRARY\lcon100t.llb
Wed Jan 11 09:32:02 Loaded file C:\ORCAD\ORCAD_10.3\TOOLS\LAYOUT_PLUS\LIBRARY\metric.llb
Wed Jan 11 09:32:02 Loaded file C:\ORCAD\ORCAD_10.3\TOOLS\LAYOUT_PLUS\LIBRARY\padstack.llb
Wed Jan 11 09:32:02 Loaded file C:\ORCAD\ORCAD_10.3\TOOLS\LAYOUT_PLUS\LIBRARY\pc104.llb
Wed Jan 11 09:32:02 Loaded file C:\ORCAD\ORCAD_10.3\TOOLS\LAYOUT_PLUS\LIBRARY\pci.llb
Wed Jan 11 09:32:03 Loaded file C:\ORCAD\ORCAD_10.3\TOOLS\LAYOUT_PLUS\LIBRARY\pcon100t.llb
Wed Jan 11 09:32:03 Loaded file C:\ORCAD\ORCAD_10.3\TOOLS\LAYOUT_PLUS\LIBRARY\pcon156t.llb
Wed Jan 11 09:32:03 Loaded file C:\ORCAD\ORCAD_10.3\TOOLS\LAYOUT_PLUS\LIBRARY\pga.llb
Wed Jan 11 09:32:03 Loaded file C:\ORCAD\ORCAD_10.3\TOOLS\LAYOUT_PLUS\LIBRARY\plcc.llb
Wed Jan 11 09:32:04 Loaded file C:\ORCAD\ORCAD_10.3\TOOLS\LAYOUT_PLUS\LIBRARY\quad.llb
Wed Jan 11 09:32:04 Loaded file C:\ORCAD\ORCAD_10.3\TOOLS\LAYOUT_PLUS\LIBRARY\quadb.llb
Wed Jan 11 09:32:04 Loaded file C:\ORCAD\ORCAD_10.3\TOOLS\LAYOUT_PLUS\LIBRARY\relay.llb
Wed Jan 11 09:32:05 Loaded file C:\ORCAD\ORCAD_10.3\TOOLS\LAYOUT_PLUS\LIBRARY\rf.llb
Wed Jan 11 09:32:05 Loaded file C:\ORCAD\ORCAD_10.3\TOOLS\LAYOUT_PLUS\LIBRARY\sbus.llb
Wed Jan 11 09:32:05 Loaded file C:\ORCAD\ORCAD_10.3\TOOLS\LAYOUT_PLUS\LIBRARY\simm050f.llb
Wed Jan 11 09:32:05 Loaded file C:\ORCAD\ORCAD_10.3\TOOLS\LAYOUT_PLUS\LIBRARY\simm050t.llb
Wed Jan 11 09:32:05 Loaded file C:\ORCAD\ORCAD_10.3\TOOLS\LAYOUT_PLUS\LIBRARY\simm100f.llb
Wed Jan 11 09:32:05 Loaded file C:\ORCAD\ORCAD_10.3\TOOLS\LAYOUT_PLUS\LIBRARY\simm100t.llb
Wed Jan 11 09:32:06 Loaded file C:\ORCAD\ORCAD_10.3\TOOLS\LAYOUT_PLUS\LIBRARY\sip.llb
Wed Jan 11 09:32:07 Loaded file C:\ORCAD\ORCAD_10.3\TOOLS\LAYOUT_PLUS\LIBRARY\sm.llb
Wed Jan 11 09:32:07 Loaded file C:\ORCAD\ORCAD_10.3\TOOLS\LAYOUT_PLUS\LIBRARY\sog.llb
Wed Jan 11 09:32:07 Loaded file C:\ORCAD\ORCAD_10.3\TOOLS\LAYOUT_PLUS\LIBRARY\soj.llb
Wed Jan 11 09:32:07 Loaded file C:\ORCAD\ORCAD_10.3\TOOLS\LAYOUT_PLUS\LIBRARY\stiff.llb
Wed Jan 11 09:32:07 Loaded file C:\ORCAD\ORCAD_10.3\TOOLS\LAYOUT_PLUS\LIBRARY\tele.llb
Wed Jan 11 09:32:07 Loaded file C:\ORCAD\ORCAD_10.3\TOOLS\LAYOUT_PLUS\LIBRARY\tm_axial.llb
Wed Jan 11 09:32:07 Loaded file C:\ORCAD\ORCAD_10.3\TOOLS\LAYOUT_PLUS\LIBRARY\tm_cap_p.llb
Wed Jan 11 09:32:07 Loaded file C:\ORCAD\ORCAD_10.3\TOOLS\LAYOUT_PLUS\LIBRARY\tm_cylnd.llb
Wed Jan 11 09:32:08 Loaded file C:\ORCAD\ORCAD_10.3\TOOLS\LAYOUT_PLUS\LIBRARY\tm_diode.llb
Wed Jan 11 09:32:08 Loaded file C:\ORCAD\ORCAD_10.3\TOOLS\LAYOUT_PLUS\LIBRARY\tm_disc.llb
Wed Jan 11 09:32:08 Loaded file C:\ORCAD\ORCAD_10.3\TOOLS\LAYOUT_PLUS\LIBRARY\tm_rad.llb
Wed Jan 11 09:32:08 Loaded file C:\ORCAD\ORCAD_10.3\TOOLS\LAYOUT_PLUS\LIBRARY\to.llb
Wed Jan 11 09:32:08 Loaded file C:\ORCAD\ORCAD_10.3\TOOLS\LAYOUT_PLUS\LIBRARY\training.llb
Wed Jan 11 09:32:08 Loaded file C:\ORCAD\ORCAD_10.3\TOOLS\LAYOUT_PLUS\LIBRARY\vres.llb
Wed Jan 11 09:32:08 Loaded file C:\ORCAD\ORCAD_10.3\TOOLS\LAYOUT_PLUS\LIBRARY\wcon100t.llb
Wed Jan 11 09:32:08 Loaded file C:\ORCAD\ORCAD_10.3\TOOLS\LAYOUT_PLUS\LIBRARY\xt.llb
Wed Jan 11 09:32:08 Loaded file C:\ORCAD\ORCAD_10.3\TOOLS\LAYOUT_PLUS\LIBRARY\zigzag.llb
